<?xml version="1.0" encoding="UTF-8"?>
<!-- Generated by org.testng.reporters.JUnitReportReporter -->
<testsuite hostname="DESKTOP-6Q9GTRJ" failures="0" tests="1" name="steps.CertFunctionalitySteps" time="0.668" errors="0" timestamp="2025-05-07T14:26:20 IST" skipped="0">
  <testcase classname="steps.CertFunctionalitySteps" name="Add_ItemsToCart" time="0.668"/>
</testsuite> <!-- steps.CertFunctionalitySteps -->
