<?xml version="1.0" encoding="UTF-8"?>
<!-- Generated by org.testng.reporters.JUnitReportReporter -->
<testsuite hostname="DESKTOP-6Q9GTRJ" failures="0" tests="5" name="testRunners.TestRunner" time="8.838" errors="0" timestamp="2025-05-14T08:51:34 IST" skipped="0">
  <testcase classname="testRunners.TestRunner" name="runScenario" time="0.366"/>
  <testcase classname="testRunners.TestRunner" name="runScenario" time="0.697"/>
  <testcase classname="testRunners.TestRunner" name="runScenario" time="6.842"/>
  <testcase classname="testRunners.TestRunner" name="runScenario" time="0.677"/>
  <testcase classname="testRunners.TestRunner" name="runScenario" time="0.256"/>
</testsuite> <!-- testRunners.TestRunner -->
