<?xml version="1.0" encoding="UTF-8"?>
<!-- Generated by org.testng.reporters.JUnitReportReporter -->
<testsuite hostname="DESKTOP-6Q9GTRJ" failures="0" tests="1" name="steps.LoginSteps" time="2.365" errors="0" timestamp="2025-05-14T08:12:43 IST" skipped="0">
  <testcase classname="steps.LoginSteps" name="performLogin" time="2.365"/>
</testsuite> <!-- steps.LoginSteps -->
