<?xml version="1.0" encoding="UTF-8"?>
<!-- Generated by org.testng.reporters.JUnitReportReporter -->
<testsuite hostname="DESKTOP-6Q9GTRJ" failures="0" tests="1" name="steps.YourCartSteps" time="0.481" errors="0" timestamp="2025-05-14T08:12:43 IST" skipped="0">
  <testcase classname="steps.YourCartSteps" name="perform_Checkout" time="0.481"/>
</testsuite> <!-- steps.YourCartSteps -->
