<?xml version="1.0" encoding="UTF-8"?>
<!-- Generated by org.testng.reporters.JUnitReportReporter -->
<testsuite hostname="DESKTOP-6Q9GTRJ" failures="0" tests="1" name="steps.CheckOutOverviewSteps" time="0.203" errors="0" timestamp="2025-05-14T08:12:43 IST" skipped="0">
  <testcase classname="steps.CheckOutOverviewSteps" name="assert_CheckoutOverview" time="0.203"/>
</testsuite> <!-- steps.CheckOutOverviewSteps -->
